0 info it worked if it ends with ok
1 verbose cli [ '/usr/bin/nodejs',
1 verbose cli   '/usr/bin/npm',
1 verbose cli   'install',
1 verbose cli   'sails-grunt',
1 verbose cli   '--save' ]
2 info using npm@2.14.20
3 info using node@v4.4.0
4 verbose install initial load of /home/jose/Desktop/DevMatch/DevMatch/package.json
5 verbose installManyTop reading scoped package data from /home/jose/Desktop/DevMatch/DevMatch/node_modules/sails-mysql/package.json
6 verbose readDependencies loading dependencies from /home/jose/Desktop/DevMatch/DevMatch/package.json
7 silly cache add args [ 'sails-grunt', null ]
8 verbose cache add spec sails-grunt
9 silly cache add parsed spec Result {
9 silly cache add   raw: 'sails-grunt',
9 silly cache add   scope: null,
9 silly cache add   name: 'sails-grunt',
9 silly cache add   rawSpec: '',
9 silly cache add   spec: 'latest',
9 silly cache add   type: 'tag' }
10 silly addNamed sails-grunt@latest
11 verbose addNamed "latest" is being treated as a dist-tag for sails-grunt
12 info addNameTag [ 'sails-grunt', 'latest' ]
13 silly mapToRegistry name sails-grunt
14 silly mapToRegistry using default registry
15 silly mapToRegistry registry https://registry.npmjs.org/
16 silly mapToRegistry uri https://registry.npmjs.org/sails-grunt
17 verbose addNameTag registry:https://registry.npmjs.org/sails-grunt not in flight; fetching
18 verbose request uri https://registry.npmjs.org/sails-grunt
19 verbose request no auth needed
20 info attempt registry request try #1 at 7:27:18 AM
21 verbose request id f023a216983fc679
22 http request GET https://registry.npmjs.org/sails-grunt
23 http 404 https://registry.npmjs.org/sails-grunt
24 verbose headers { 'content-type': 'application/json',
24 verbose headers   'cache-control': 'max-age=0',
24 verbose headers   'content-length': '2',
24 verbose headers   'accept-ranges': 'bytes',
24 verbose headers   date: 'Sat, 12 Mar 2016 06:27:19 GMT',
24 verbose headers   via: '1.1 varnish',
24 verbose headers   age: '0',
24 verbose headers   connection: 'keep-alive',
24 verbose headers   'x-served-by': 'cache-fra1246-FRA',
24 verbose headers   'x-cache': 'MISS',
24 verbose headers   'x-cache-hits': '0',
24 verbose headers   'x-timer': 'S1457764038.663681,VS0,VE741' }
25 silly get cb [ 404,
25 silly get   { 'content-type': 'application/json',
25 silly get     'cache-control': 'max-age=0',
25 silly get     'content-length': '2',
25 silly get     'accept-ranges': 'bytes',
25 silly get     date: 'Sat, 12 Mar 2016 06:27:19 GMT',
25 silly get     via: '1.1 varnish',
25 silly get     age: '0',
25 silly get     connection: 'keep-alive',
25 silly get     'x-served-by': 'cache-fra1246-FRA',
25 silly get     'x-cache': 'MISS',
25 silly get     'x-cache-hits': '0',
25 silly get     'x-timer': 'S1457764038.663681,VS0,VE741' } ]
26 verbose stack Error: Registry returned 404 for GET on https://registry.npmjs.org/sails-grunt
26 verbose stack     at makeError (/usr/lib/node_modules/npm/node_modules/npm-registry-client/lib/request.js:264:12)
26 verbose stack     at CachingRegistryClient.<anonymous> (/usr/lib/node_modules/npm/node_modules/npm-registry-client/lib/request.js:242:14)
26 verbose stack     at Request._callback (/usr/lib/node_modules/npm/node_modules/npm-registry-client/lib/request.js:172:14)
26 verbose stack     at Request.self.callback (/usr/lib/node_modules/npm/node_modules/request/request.js:199:22)
26 verbose stack     at emitTwo (events.js:87:13)
26 verbose stack     at Request.emit (events.js:172:7)
26 verbose stack     at Request.<anonymous> (/usr/lib/node_modules/npm/node_modules/request/request.js:1036:10)
26 verbose stack     at emitOne (events.js:82:20)
26 verbose stack     at Request.emit (events.js:169:7)
26 verbose stack     at IncomingMessage.<anonymous> (/usr/lib/node_modules/npm/node_modules/request/request.js:963:12)
27 verbose statusCode 404
28 verbose pkgid sails-grunt
29 verbose cwd /home/jose/Desktop/DevMatch/DevMatch
30 error Linux 4.2.0-27-generic
31 error argv "/usr/bin/nodejs" "/usr/bin/npm" "install" "sails-grunt" "--save"
32 error node v4.4.0
33 error npm  v2.14.20
34 error code E404
35 error 404 Registry returned 404 for GET on https://registry.npmjs.org/sails-grunt
35 error 404
35 error 404 'sails-grunt' is not in the npm registry.
35 error 404 You should bug the author to publish it (or use the name yourself!)
35 error 404 It was specified as a dependency of 'DevMatch'
35 error 404
35 error 404 Note that you can also install from a
35 error 404 tarball, folder, http url, or git url.
36 verbose exit [ 1, true ]
